<?xml version="1.0" encoding="UTF-8"?>
<!-- Generated by org.testng.reporters.JUnitReportReporter -->
<testsuite hostname="PNVD223" name="GraduationProject.Graduation_Project.Search" tests="3" failures="0" timestamp="10 Mar 2022 18:45:43 GMT" time="12.950" errors="0">
  <testcase name="TC_01_Search_Author_Name" time="6.633" classname="GraduationProject.Graduation_Project.Search"/>
  <testcase name="TC_02_Search_Course_Name" time="3.181" classname="GraduationProject.Graduation_Project.Search"/>
  <testcase name="TC_03_Search_Empty_Name" time="3.136" classname="GraduationProject.Graduation_Project.Search"/>
</testsuite> <!-- GraduationProject.Graduation_Project.Search -->
